This file contains any messages produced by compilers while
running configure, to aid debugging if configure makes a mistake.

It was created by expat configure 2.7.1, which was
generated by GNU Autoconf 2.71.  Invocation command line was

  $ ./configure --prefix=/home/miku/rv_build/staging --host=arm-linux --enable-static --disable-shared --without-docbook

## --------- ##
## Platform. ##
## --------- ##

hostname = miku-machine
uname -m = x86_64
uname -r = 5.4.0-216-generic
uname -s = Linux
uname -v = #236-Ubuntu SMP Fri Apr 11 19:53:21 UTC 2025

/usr/bin/uname -p = x86_64
/bin/uname -X     = unknown

/bin/arch              = x86_64
/usr/bin/arch -k       = unknown
/usr/convex/getsysinfo = unknown
/usr/bin/hostinfo      = unknown
/bin/machine           = unknown
/usr/bin/oslevel       = unknown
/bin/universe          = unknown

PATH: /home/miku/luckfox-pico/tools/linux/toolchain/arm-rockchip830-linux-uclibcgnueabihf/bin/
PATH: /home/miku/luckfox-pico/sysdrv/source/kernel/drivers/block/zram/bin/
PATH: /home/miku/luckfox-pico/tools/linux/toolchain/arm-rockchip830-linux-uclibcgnueabihf/bin/
PATH: /home/miku/luckfox-pico/sysdrv/source/kernel/drivers/block/zram/bin/
PATH: /home/miku/luckfox-pico/tools/linux/toolchain/arm-rockchip830-linux-uclibcgnueabihf/bin/
PATH: /usr/local/sbin/
PATH: /usr/local/bin/
PATH: /usr/sbin/
PATH: /usr/bin/
PATH: /sbin/
PATH: /bin/
PATH: /usr/games/
PATH: /usr/local/games/
PATH: /snap/bin/


## ----------- ##
## Core tests. ##
## ----------- ##

configure:3083: looking for aux files: ltmain.sh compile ar-lib missing install-sh config.guess config.sub
configure:3096:  trying ./conftools/
configure:3125:   ./conftools/ltmain.sh found
configure:3125:   ./conftools/compile found
configure:3125:   ./conftools/ar-lib found
configure:3125:   ./conftools/missing found
configure:3107:   ./conftools/install-sh found
configure:3125:   ./conftools/config.guess found
configure:3125:   ./conftools/config.sub found
configure:3248: checking build system type
configure:3263: result: x86_64-pc-linux-uclibc
configure:3283: checking host system type
configure:3297: result: arm-unknown-linux-gnu
configure:3334: checking for a BSD-compatible install
configure:3407: result: /usr/bin/install -c
configure:3418: checking whether build environment is sane
configure:3473: result: yes
configure:3527: checking for arm-linux-strip
configure:3559: result: arm-rockchip830-linux-uclibcgnueabihf-strip
configure:3630: checking for a race-free mkdir -p
configure:3674: result: /usr/bin/mkdir -p
configure:3681: checking for gawk
configure:3702: found /usr/bin/gawk
configure:3713: result: gawk
configure:3724: checking whether make sets $(MAKE)
configure:3747: result: yes
configure:3777: checking whether make supports nested variables
configure:3795: result: yes
configure:3932: checking whether to enable maintainer-specific portions of Makefiles
configure:3942: result: yes
configure:3980: checking whether make supports the include directive
configure:3995: make -f confmf.GNU && cat confinc.out
this is the am__doit target
configure:3998: $? = 0
configure:4017: result: yes (GNU style)
configure:4048: checking for arm-linux-gcc
configure:4080: result: arm-rockchip830-linux-uclibcgnueabihf-gcc
configure:4478: checking for C compiler version
configure:4487: arm-rockchip830-linux-uclibcgnueabihf-gcc --version >&5
arm-rockchip830-linux-uclibcgnueabihf-gcc (crosstool-NG 1.24.0) 8.3.0
Copyright (C) 2018 Free Software Foundation, Inc.
This is free software; see the source for copying conditions.  There is NO
warranty; not even for MERCHANTABILITY or FITNESS FOR A PARTICULAR PURPOSE.

configure:4498: $? = 0
configure:4487: arm-rockchip830-linux-uclibcgnueabihf-gcc -v >&5
Using built-in specs.
COLLECT_GCC=arm-rockchip830-linux-uclibcgnueabihf-gcc
COLLECT_LTO_WRAPPER=/home/miku/luckfox-pico/tools/linux/toolchain/arm-rockchip830-linux-uclibcgnueabihf/bin/../libexec/gcc/arm-rockchip830-linux-uclibcgnueabihf/8.3.0/lto-wrapper
Target: arm-rockchip830-linux-uclibcgnueabihf
Configured with: /opt/.build/arm-rockchip830-linux-uclibcgnueabihf/src/gcc/configure --build=x86_64-build_pc-linux-gnu --host=x86_64-build_pc-linux-gnu --target=arm-rockchip830-linux-uclibcgnueabihf --prefix=/opt/x-tool/arm-rockchip830-linux-uclibcgnueabihf --with-sysroot=/opt/x-tool/arm-rockchip830-linux-uclibcgnueabihf/arm-rockchip830-linux-uclibcgnueabihf/sysroot --enable-languages=c,c++ --with-arch=armv7-a --with-fpu=neon-vfpv4 --with-float=hard --with-pkgversion='crosstool-NG 1.24.0' --enable-__cxa_atexit --disable-libmudflap --disable-libgomp --disable-libssp --disable-libquadmath --disable-libquadmath-support --disable-libsanitizer --disable-libmpx --with-gmp=/opt/.build/arm-rockchip830-linux-uclibcgnueabihf/buildtools --with-mpfr=/opt/.build/arm-rockchip830-linux-uclibcgnueabihf/buildtools --with-mpc=/opt/.build/arm-rockchip830-linux-uclibcgnueabihf/buildtools --with-isl=/opt/.build/arm-rockchip830-linux-uclibcgnueabihf/buildtools --enable-lto --with-host-libstdcxx='-static-libgcc -Wl,-Bstatic,-lstdc++,-Bdynamic -lm' --enable-threads=posix --enable-target-optspace --enable-plugin --enable-gold --disable-nls --disable-multilib --with-local-prefix=/opt/x-tool/arm-rockchip830-linux-uclibcgnueabihf/arm-rockchip830-linux-uclibcgnueabihf/sysroot --enable-long-long
Thread model: posix
gcc version 8.3.0 (crosstool-NG 1.24.0) 
configure:4498: $? = 0
configure:4487: arm-rockchip830-linux-uclibcgnueabihf-gcc -V >&5
arm-rockchip830-linux-uclibcgnueabihf-gcc: error: unrecognized command line option '-V'
arm-rockchip830-linux-uclibcgnueabihf-gcc: fatal error: no input files
compilation terminated.
configure:4498: $? = 1
configure:4487: arm-rockchip830-linux-uclibcgnueabihf-gcc -qversion >&5
arm-rockchip830-linux-uclibcgnueabihf-gcc: error: unrecognized command line option '-qversion'; did you mean '--version'?
arm-rockchip830-linux-uclibcgnueabihf-gcc: fatal error: no input files
compilation terminated.
configure:4498: $? = 1
configure:4487: arm-rockchip830-linux-uclibcgnueabihf-gcc -version >&5
arm-rockchip830-linux-uclibcgnueabihf-gcc: error: unrecognized command line option '-version'
arm-rockchip830-linux-uclibcgnueabihf-gcc: fatal error: no input files
compilation terminated.
configure:4498: $? = 1
configure:4518: checking whether the C compiler works
configure:4540: arm-rockchip830-linux-uclibcgnueabihf-gcc  -I/home/miku/rv_build/staging/include -L/home/miku/rv_build/staging/lib conftest.c  >&5
configure:4544: $? = 0
configure:4594: result: yes
configure:4597: checking for C compiler default output file name
configure:4599: result: a.out
configure:4605: checking for suffix of executables
configure:4612: arm-rockchip830-linux-uclibcgnueabihf-gcc -o conftest  -I/home/miku/rv_build/staging/include -L/home/miku/rv_build/staging/lib conftest.c  >&5
configure:4616: $? = 0
configure:4639: result: 
configure:4661: checking whether we are cross compiling
configure:4669: arm-rockchip830-linux-uclibcgnueabihf-gcc -o conftest  -I/home/miku/rv_build/staging/include -L/home/miku/rv_build/staging/lib conftest.c  >&5
configure:4673: $? = 0
configure:4680: ./conftest
/lib/ld-uClibc.so.0: No such file or directory
configure:4684: $? = 255
configure:4672: result: yes
configure:4677: checking for suffix of object files
configure:4700: arm-rockchip830-linux-uclibcgnueabihf-gcc -c  -I/home/miku/rv_build/staging/include conftest.c >&5
configure:4704: $? = 0
configure:4726: result: o
configure:4730: checking whether the compiler supports GNU C
configure:4750: arm-rockchip830-linux-uclibcgnueabihf-gcc -c  -I/home/miku/rv_build/staging/include conftest.c >&5
configure:4750: $? = 0
configure:4760: result: yes
configure:4771: checking whether arm-rockchip830-linux-uclibcgnueabihf-gcc accepts -g
configure:4792: arm-rockchip830-linux-uclibcgnueabihf-gcc -c -g -I/home/miku/rv_build/staging/include conftest.c >&5
configure:4792: $? = 0
configure:4836: result: yes
configure:4856: checking for arm-rockchip830-linux-uclibcgnueabihf-gcc option to enable C11 features
configure:4871: arm-rockchip830-linux-uclibcgnueabihf-gcc  -c -g -O2 -I/home/miku/rv_build/staging/include conftest.c >&5
configure:4871: $? = 0
configure:4889: result: none needed
configure:5005: checking whether arm-rockchip830-linux-uclibcgnueabihf-gcc understands -c and -o together
configure:5028: arm-rockchip830-linux-uclibcgnueabihf-gcc -c conftest.c -o conftest2.o
configure:5031: $? = 0
configure:5028: arm-rockchip830-linux-uclibcgnueabihf-gcc -c conftest.c -o conftest2.o
configure:5031: $? = 0
configure:5043: result: yes
configure:5062: checking dependency style of arm-rockchip830-linux-uclibcgnueabihf-gcc
configure:5174: result: gcc3
configure:5196: checking for arm-linux-ar
configure:5228: result: arm-rockchip830-linux-uclibcgnueabihf-ar
configure:5303: checking the archiver (arm-rockchip830-linux-uclibcgnueabihf-ar) interface
configure:5320: arm-rockchip830-linux-uclibcgnueabihf-gcc -c -g -O2 -I/home/miku/rv_build/staging/include conftest.c >&5
configure:5320: $? = 0
configure:5323: arm-rockchip830-linux-uclibcgnueabihf-ar cru libconftest.a conftest.o >&5
configure:5326: $? = 0
configure:5325: result: ar
configure:5346: checking whether ln -s works
configure:5350: result: yes
configure:5357: checking whether make sets $(MAKE)
configure:5380: result: yes
configure:5438: checking how to print strings
configure:5465: result: printf
configure:5486: checking for a sed that does not truncate output
configure:5556: result: /usr/bin/sed
configure:5574: checking for grep that handles long lines and -e
configure:5638: result: /usr/bin/grep
configure:5643: checking for egrep
configure:5711: result: /usr/bin/grep -E
configure:5716: checking for fgrep
configure:5784: result: /usr/bin/grep -F
configure:5820: checking for ld used by arm-rockchip830-linux-uclibcgnueabihf-gcc
configure:5888: result: arm-rockchip830-linux-uclibcgnueabihf-ld
configure:5895: checking if the linker (arm-rockchip830-linux-uclibcgnueabihf-ld) is GNU ld
configure:5911: result: yes
configure:5923: checking for BSD- or MS-compatible name lister (nm)
configure:5978: result: arm-rockchip830-linux-uclibcgnueabihf-nm
configure:6118: checking the name lister (arm-rockchip830-linux-uclibcgnueabihf-nm) interface
configure:6126: arm-rockchip830-linux-uclibcgnueabihf-gcc -c -g -O2 -I/home/miku/rv_build/staging/include conftest.c >&5
configure:6129: arm-rockchip830-linux-uclibcgnueabihf-nm "conftest.o"
configure:6132: output
00000000 B some_variable
configure:6133: result: BSD nm
configure:6137: checking the maximum length of command line arguments
configure:6269: result: 1572864
configure:6317: checking how to convert x86_64-pc-linux-uclibc file names to arm-unknown-linux-gnu format
configure:6358: result: func_convert_file_noop
configure:6365: checking how to convert x86_64-pc-linux-uclibc file names to toolchain format
configure:6386: result: func_convert_file_noop
configure:6393: checking for arm-rockchip830-linux-uclibcgnueabihf-ld option to reload object files
configure:6401: result: -r
configure:6434: checking for file
configure:6455: found /usr/bin/file
configure:6467: result: file
configure:6484: checking for arm-linux-objdump
configure:6519: result: no
configure:6529: checking for objdump
configure:6550: found /usr/bin/objdump
configure:6561: result: objdump
configure:6573: WARNING: using cross tools not prefixed with host triplet
configure:6590: checking how to recognize dependent libraries
configure:6798: result: pass_all
configure:6843: checking for arm-linux-dlltool
configure:6878: result: no
configure:6888: checking for dlltool
configure:6923: result: no
configure:6950: checking how to associate runtime and link libraries
configure:6978: result: printf %s\n
configure:6992: checking for arm-linux-ranlib
configure:7024: result: arm-rockchip830-linux-uclibcgnueabihf-ranlib
configure:7096: checking for arm-linux-ar
configure:7128: result: arm-rockchip830-linux-uclibcgnueabihf-ar
configure:7230: checking for archiver @FILE support
configure:7248: arm-rockchip830-linux-uclibcgnueabihf-gcc -c -g -O2 -I/home/miku/rv_build/staging/include conftest.c >&5
configure:7248: $? = 0
configure:7252: arm-rockchip830-linux-uclibcgnueabihf-ar cr libconftest.a @conftest.lst >&5
configure:7255: $? = 0
configure:7260: arm-rockchip830-linux-uclibcgnueabihf-ar cr libconftest.a @conftest.lst >&5
arm-rockchip830-linux-uclibcgnueabihf-ar: conftest.o: No such file or directory
configure:7263: $? = 1
configure:7262: result: @
configure:7280: checking for arm-linux-strip
configure:7312: result: arm-rockchip830-linux-uclibcgnueabihf-strip
configure:7460: checking command to parse arm-rockchip830-linux-uclibcgnueabihf-nm output from arm-rockchip830-linux-uclibcgnueabihf-gcc object
configure:7614: arm-rockchip830-linux-uclibcgnueabihf-gcc -c -g -O2 -I/home/miku/rv_build/staging/include conftest.c >&5
configure:7617: $? = 0
configure:7621: arm-rockchip830-linux-uclibcgnueabihf-nm conftest.o | /usr/bin/sed -n -e 's/^.*[	 ]\([ABCDGIRSTW][ABCDGIRSTW]*\)[	 ][	 ]*\([_A-Za-z][_A-Za-z0-9]*\)$/\1 \2 \2/p' | /usr/bin/sed '/ __gnu_lto/d' > conftest.nm
configure:7687: arm-rockchip830-linux-uclibcgnueabihf-gcc -o conftest -g -O2 -I/home/miku/rv_build/staging/include -L/home/miku/rv_build/staging/lib conftest.c conftstm.o >&5
configure:7690: $? = 0
configure:7728: result: ok
configure:7775: checking for sysroot
configure:7808: result: no
configure:7815: checking for a working dd
configure:7859: result: /usr/bin/dd
configure:7863: checking how to truncate binary pipes
configure:7879: result: /usr/bin/dd bs=4096 count=1
configure:8171: checking for arm-linux-mt
configure:8206: result: no
configure:8216: checking for mt
configure:8237: found /usr/bin/mt
configure:8248: result: mt
configure:8271: checking if mt is a manifest tool
configure:8278: mt '-?'
configure:8286: result: no
configure:9067: checking for stdio.h
configure:9067: arm-rockchip830-linux-uclibcgnueabihf-gcc -c -g -O2 -I/home/miku/rv_build/staging/include conftest.c >&5
configure:9067: $? = 0
configure:9067: result: yes
configure:9067: checking for stdlib.h
configure:9067: arm-rockchip830-linux-uclibcgnueabihf-gcc -c -g -O2 -I/home/miku/rv_build/staging/include conftest.c >&5
configure:9067: $? = 0
configure:9067: result: yes
configure:9067: checking for string.h
configure:9067: arm-rockchip830-linux-uclibcgnueabihf-gcc -c -g -O2 -I/home/miku/rv_build/staging/include conftest.c >&5
configure:9067: $? = 0
configure:9067: result: yes
configure:9067: checking for inttypes.h
configure:9067: arm-rockchip830-linux-uclibcgnueabihf-gcc -c -g -O2 -I/home/miku/rv_build/staging/include conftest.c >&5
configure:9067: $? = 0
configure:9067: result: yes
configure:9067: checking for stdint.h
configure:9067: arm-rockchip830-linux-uclibcgnueabihf-gcc -c -g -O2 -I/home/miku/rv_build/staging/include conftest.c >&5
configure:9067: $? = 0
configure:9067: result: yes
configure:9067: checking for strings.h
configure:9067: arm-rockchip830-linux-uclibcgnueabihf-gcc -c -g -O2 -I/home/miku/rv_build/staging/include conftest.c >&5
configure:9067: $? = 0
configure:9067: result: yes
configure:9067: checking for sys/stat.h
configure:9067: arm-rockchip830-linux-uclibcgnueabihf-gcc -c -g -O2 -I/home/miku/rv_build/staging/include conftest.c >&5
configure:9067: $? = 0
configure:9067: result: yes
configure:9067: checking for sys/types.h
configure:9067: arm-rockchip830-linux-uclibcgnueabihf-gcc -c -g -O2 -I/home/miku/rv_build/staging/include conftest.c >&5
configure:9067: $? = 0
configure:9067: result: yes
configure:9067: checking for unistd.h
configure:9067: arm-rockchip830-linux-uclibcgnueabihf-gcc -c -g -O2 -I/home/miku/rv_build/staging/include conftest.c >&5
configure:9067: $? = 0
configure:9067: result: yes
configure:9067: checking for sys/param.h
configure:9067: arm-rockchip830-linux-uclibcgnueabihf-gcc -c -g -O2 -I/home/miku/rv_build/staging/include conftest.c >&5
configure:9067: $? = 0
configure:9067: result: yes
configure:9092: checking for dlfcn.h
configure:9092: arm-rockchip830-linux-uclibcgnueabihf-gcc -c -g -O2 -I/home/miku/rv_build/staging/include conftest.c >&5
configure:9092: $? = 0
configure:9092: result: yes
configure:9715: checking for objdir
configure:9731: result: .libs
configure:9995: checking if arm-rockchip830-linux-uclibcgnueabihf-gcc supports -fno-rtti -fno-exceptions
configure:10014: arm-rockchip830-linux-uclibcgnueabihf-gcc -c -g -O2 -I/home/miku/rv_build/staging/include -fno-rtti -fno-exceptions conftest.c >&5
cc1: warning: command line option '-fno-rtti' is valid for C++/ObjC++ but not for C
configure:10018: $? = 0
configure:10031: result: no
configure:10404: checking for arm-rockchip830-linux-uclibcgnueabihf-gcc option to produce PIC
configure:10412: result: -fPIC -DPIC
configure:10420: checking if arm-rockchip830-linux-uclibcgnueabihf-gcc PIC flag -fPIC -DPIC works
configure:10439: arm-rockchip830-linux-uclibcgnueabihf-gcc -c -g -O2 -I/home/miku/rv_build/staging/include -fPIC -DPIC -DPIC conftest.c >&5
configure:10443: $? = 0
configure:10456: result: yes
configure:10485: checking if arm-rockchip830-linux-uclibcgnueabihf-gcc static flag -static works
configure:10514: result: yes
configure:10529: checking if arm-rockchip830-linux-uclibcgnueabihf-gcc supports -c -o file.o
configure:10551: arm-rockchip830-linux-uclibcgnueabihf-gcc -c -g -O2 -I/home/miku/rv_build/staging/include -o out/conftest2.o conftest.c >&5
configure:10555: $? = 0
configure:10577: result: yes
configure:10585: checking if arm-rockchip830-linux-uclibcgnueabihf-gcc supports -c -o file.o
configure:10633: result: yes
configure:10666: checking whether the arm-rockchip830-linux-uclibcgnueabihf-gcc linker (arm-rockchip830-linux-uclibcgnueabihf-ld) supports shared libraries
configure:11945: result: yes
configure:12186: checking dynamic linker characteristics
configure:12817: arm-rockchip830-linux-uclibcgnueabihf-gcc -o conftest -g -O2 -I/home/miku/rv_build/staging/include -L/home/miku/rv_build/staging/lib -Wl,-rpath -Wl,/foo conftest.c  >&5
configure:12817: $? = 0
configure:13578: result: GNU/Linux ld.so
configure:13700: checking how to hardcode library paths into programs
configure:13725: result: immediate
configure:14307: checking whether stripping libraries is possible
configure:14316: result: yes
configure:14358: checking if libtool supports shared libraries
configure:14360: result: yes
configure:14363: checking whether to build shared libraries
configure:14388: result: no
configure:14391: checking whether to build static libraries
configure:14395: result: yes
configure:10609: checking whether C compiler accepts -Wall
configure:10622: arm-rockchip830-linux-uclibcgnueabihf-gcc -c -g -O2  -Werror -Wall -I/home/miku/rv_build/staging/include conftest.c >&5
configure:10622: $? = 0
configure:10632: result: yes
configure:10661: : AM_CFLAGS="$AM_CFLAGS"
configure:10664: $? = 0
configure:10609: checking whether C compiler accepts -Wextra
configure:10622: arm-rockchip830-linux-uclibcgnueabihf-gcc -c -g -O2  -Werror -Wextra -I/home/miku/rv_build/staging/include conftest.c >&5
configure:10622: $? = 0
configure:10632: result: yes
configure:10650: : AM_CFLAGS="$AM_CFLAGS"
configure:10653: $? = 0
configure:10681: checking whether C compiler accepts -fexceptions
configure:10694: arm-rockchip830-linux-uclibcgnueabihf-gcc -c -g -O2  -Werror -fexceptions -I/home/miku/rv_build/staging/include conftest.c >&5
configure:10694: $? = 0
configure:10704: result: yes
configure:10722: : AM_CFLAGS="$AM_CFLAGS"
configure:10725: $? = 0
configure:10753: checking whether C compiler accepts -fno-strict-aliasing
configure:10766: arm-rockchip830-linux-uclibcgnueabihf-gcc -c -g -O2  -Werror -fno-strict-aliasing -I/home/miku/rv_build/staging/include conftest.c >&5
configure:10766: $? = 0
configure:10776: result: yes
configure:10794: : AM_CFLAGS="$AM_CFLAGS"
configure:10797: $? = 0
configure:10753: checking whether C compiler accepts -Wmissing-prototypes
configure:10766: arm-rockchip830-linux-uclibcgnueabihf-gcc -c -g -O2  -Werror -Wmissing-prototypes -I/home/miku/rv_build/staging/include conftest.c >&5
configure:10766: $? = 0
configure:10776: result: yes
configure:10794: : AM_CFLAGS="$AM_CFLAGS"
configure:10797: $? = 0
configure:10753: checking whether C compiler accepts -Wstrict-prototypes
configure:10766: arm-rockchip830-linux-uclibcgnueabihf-gcc -c -g -O2  -Werror -Wstrict-prototypes -I/home/miku/rv_build/staging/include conftest.c >&5
configure:10766: $? = 0
configure:10776: result: yes
configure:10794: : AM_CFLAGS="$AM_CFLAGS"
configure:10797: $? = 0
configure:10825: checking whether C compiler accepts -pedantic
configure:10838: arm-rockchip830-linux-uclibcgnueabihf-gcc -c -g -O2  -Werror -pedantic -I/home/miku/rv_build/staging/include conftest.c >&5
configure:10838: $? = 0
configure:10848: result: yes
configure:10866: : AM_CFLAGS="$AM_CFLAGS"
configure:10869: $? = 0
configure:10825: checking whether C compiler accepts -Wduplicated-cond
configure:10838: arm-rockchip830-linux-uclibcgnueabihf-gcc -c -g -O2  -Werror -Wduplicated-cond -I/home/miku/rv_build/staging/include conftest.c >&5
configure:10838: $? = 0
configure:10848: result: yes
configure:10866: : AM_CFLAGS="$AM_CFLAGS"
configure:10869: $? = 0
configure:10825: checking whether C compiler accepts -Wduplicated-branches
configure:10838: arm-rockchip830-linux-uclibcgnueabihf-gcc -c -g -O2  -Werror -Wduplicated-branches -I/home/miku/rv_build/staging/include conftest.c >&5
configure:10838: $? = 0
configure:10848: result: yes
configure:10866: : AM_CFLAGS="$AM_CFLAGS"
configure:10869: $? = 0
configure:10825: checking whether C compiler accepts -Wlogical-op
configure:10838: arm-rockchip830-linux-uclibcgnueabihf-gcc -c -g -O2  -Werror -Wlogical-op -I/home/miku/rv_build/staging/include conftest.c >&5
configure:10838: $? = 0
configure:10848: result: yes
configure:10866: : AM_CFLAGS="$AM_CFLAGS"
configure:10869: $? = 0
configure:10897: checking whether C compiler accepts -Wrestrict
configure:10910: arm-rockchip830-linux-uclibcgnueabihf-gcc -c -g -O2  -Werror -Wrestrict -I/home/miku/rv_build/staging/include conftest.c >&5
configure:10910: $? = 0
configure:10920: result: yes
configure:10938: : AM_CFLAGS="$AM_CFLAGS"
configure:10941: $? = 0
configure:10897: checking whether C compiler accepts -Wnull-dereference
configure:10910: arm-rockchip830-linux-uclibcgnueabihf-gcc -c -g -O2  -Werror -Wnull-dereference -I/home/miku/rv_build/staging/include conftest.c >&5
configure:10910: $? = 0
configure:10920: result: yes
configure:10938: : AM_CFLAGS="$AM_CFLAGS"
configure:10941: $? = 0
configure:10897: checking whether C compiler accepts -Wjump-misses-init
configure:10910: arm-rockchip830-linux-uclibcgnueabihf-gcc -c -g -O2  -Werror -Wjump-misses-init -I/home/miku/rv_build/staging/include conftest.c >&5
configure:10910: $? = 0
configure:10920: result: yes
configure:10938: : AM_CFLAGS="$AM_CFLAGS"
configure:10941: $? = 0
configure:10897: checking whether C compiler accepts -Wdouble-promotion
configure:10910: arm-rockchip830-linux-uclibcgnueabihf-gcc -c -g -O2  -Werror -Wdouble-promotion -I/home/miku/rv_build/staging/include conftest.c >&5
configure:10910: $? = 0
configure:10920: result: yes
configure:10938: : AM_CFLAGS="$AM_CFLAGS"
configure:10941: $? = 0
configure:10969: checking whether C compiler accepts -Wshadow
configure:10982: arm-rockchip830-linux-uclibcgnueabihf-gcc -c -g -O2  -Werror -Wshadow -I/home/miku/rv_build/staging/include conftest.c >&5
configure:10982: $? = 0
configure:10992: result: yes
configure:11010: : AM_CFLAGS="$AM_CFLAGS"
configure:11013: $? = 0
configure:10969: checking whether C compiler accepts -Wformat=2
configure:10982: arm-rockchip830-linux-uclibcgnueabihf-gcc -c -g -O2  -Werror -Wformat=2 -I/home/miku/rv_build/staging/include conftest.c >&5
configure:10982: $? = 0
configure:10992: result: yes
configure:11010: : AM_CFLAGS="$AM_CFLAGS"
configure:11013: $? = 0
configure:10969: checking whether C compiler accepts -Wno-pedantic-ms-format
configure:10982: arm-rockchip830-linux-uclibcgnueabihf-gcc -c -g -O2  -Werror -Wno-pedantic-ms-format -I/home/miku/rv_build/staging/include conftest.c >&5
configure:10982: $? = 0
configure:10992: result: yes
configure:11010: : AM_CFLAGS="$AM_CFLAGS"
configure:11013: $? = 0
configure:10969: checking whether C compiler accepts -Wmisleading-indentation
configure:10982: arm-rockchip830-linux-uclibcgnueabihf-gcc -c -g -O2  -Werror -Wmisleading-indentation -I/home/miku/rv_build/staging/include conftest.c >&5
configure:10982: $? = 0
configure:10992: result: yes
configure:11010: : AM_CFLAGS="$AM_CFLAGS"
configure:11013: $? = 0
configure:11171: checking for C++ compiler version
configure:11180: arm-rockchip830-linux-uclibcgnueabihf-g++ --version >&5
arm-rockchip830-linux-uclibcgnueabihf-g++ (crosstool-NG 1.24.0) 8.3.0
Copyright (C) 2018 Free Software Foundation, Inc.
This is free software; see the source for copying conditions.  There is NO
warranty; not even for MERCHANTABILITY or FITNESS FOR A PARTICULAR PURPOSE.

configure:11191: $? = 0
configure:11180: arm-rockchip830-linux-uclibcgnueabihf-g++ -v >&5
Using built-in specs.
COLLECT_GCC=arm-rockchip830-linux-uclibcgnueabihf-g++
COLLECT_LTO_WRAPPER=/home/miku/luckfox-pico/tools/linux/toolchain/arm-rockchip830-linux-uclibcgnueabihf/bin/../libexec/gcc/arm-rockchip830-linux-uclibcgnueabihf/8.3.0/lto-wrapper
Target: arm-rockchip830-linux-uclibcgnueabihf
Configured with: /opt/.build/arm-rockchip830-linux-uclibcgnueabihf/src/gcc/configure --build=x86_64-build_pc-linux-gnu --host=x86_64-build_pc-linux-gnu --target=arm-rockchip830-linux-uclibcgnueabihf --prefix=/opt/x-tool/arm-rockchip830-linux-uclibcgnueabihf --with-sysroot=/opt/x-tool/arm-rockchip830-linux-uclibcgnueabihf/arm-rockchip830-linux-uclibcgnueabihf/sysroot --enable-languages=c,c++ --with-arch=armv7-a --with-fpu=neon-vfpv4 --with-float=hard --with-pkgversion='crosstool-NG 1.24.0' --enable-__cxa_atexit --disable-libmudflap --disable-libgomp --disable-libssp --disable-libquadmath --disable-libquadmath-support --disable-libsanitizer --disable-libmpx --with-gmp=/opt/.build/arm-rockchip830-linux-uclibcgnueabihf/buildtools --with-mpfr=/opt/.build/arm-rockchip830-linux-uclibcgnueabihf/buildtools --with-mpc=/opt/.build/arm-rockchip830-linux-uclibcgnueabihf/buildtools --with-isl=/opt/.build/arm-rockchip830-linux-uclibcgnueabihf/buildtools --enable-lto --with-host-libstdcxx='-static-libgcc -Wl,-Bstatic,-lstdc++,-Bdynamic -lm' --enable-threads=posix --enable-target-optspace --enable-plugin --enable-gold --disable-nls --disable-multilib --with-local-prefix=/opt/x-tool/arm-rockchip830-linux-uclibcgnueabihf/arm-rockchip830-linux-uclibcgnueabihf/sysroot --enable-long-long
Thread model: posix
gcc version 8.3.0 (crosstool-NG 1.24.0) 
configure:11191: $? = 0
configure:11180: arm-rockchip830-linux-uclibcgnueabihf-g++ -V >&5
arm-rockchip830-linux-uclibcgnueabihf-g++: error: unrecognized command line option '-V'
arm-rockchip830-linux-uclibcgnueabihf-g++: fatal error: no input files
compilation terminated.
configure:11191: $? = 1
configure:11180: arm-rockchip830-linux-uclibcgnueabihf-g++ -qversion >&5
arm-rockchip830-linux-uclibcgnueabihf-g++: error: unrecognized command line option '-qversion'; did you mean '--version'?
arm-rockchip830-linux-uclibcgnueabihf-g++: fatal error: no input files
compilation terminated.
configure:11191: $? = 1
configure:11195: checking whether the compiler supports GNU C++
configure:11215: arm-rockchip830-linux-uclibcgnueabihf-g++ -c -g -O2 -I/home/miku/rv_build/staging/include conftest.cpp >&5
configure:11215: $? = 0
configure:11225: result: yes
configure:11236: checking whether arm-rockchip830-linux-uclibcgnueabihf-g++ accepts -g
configure:11257: arm-rockchip830-linux-uclibcgnueabihf-g++ -c -g -I/home/miku/rv_build/staging/include conftest.cpp >&5
configure:11257: $? = 0
configure:11301: result: yes
configure:11321: checking for arm-rockchip830-linux-uclibcgnueabihf-g++ option to enable C++11 features
configure:11336: arm-rockchip830-linux-uclibcgnueabihf-g++  -c -g -O2 -I/home/miku/rv_build/staging/include conftest.cpp >&5
configure:11336: $? = 0
configure:11354: result: none needed
configure:11420: checking dependency style of arm-rockchip830-linux-uclibcgnueabihf-g++
configure:11532: result: gcc3
configure:11565: checking how to run the C++ preprocessor
configure:11587: arm-rockchip830-linux-uclibcgnueabihf-g++ -E -I/home/miku/rv_build/staging/include conftest.cpp
configure:11587: $? = 0
configure:11602: arm-rockchip830-linux-uclibcgnueabihf-g++ -E -I/home/miku/rv_build/staging/include conftest.cpp
conftest.cpp:24:10: fatal error: ac_nonexistent.h: No such file or directory
 #include <ac_nonexistent.h>
          ^~~~~~~~~~~~~~~~~~
compilation terminated.
configure:11602: $? = 1
configure: failed program was:
| /* confdefs.h */
| #define PACKAGE_NAME "expat"
| #define PACKAGE_TARNAME "expat"
| #define PACKAGE_VERSION "2.7.1"
| #define PACKAGE_STRING "expat 2.7.1"
| #define PACKAGE_BUGREPORT "https://github.com/libexpat/libexpat/issues"
| #define PACKAGE_URL ""
| #define PACKAGE "expat"
| #define VERSION "2.7.1"
| #define HAVE_STDIO_H 1
| #define HAVE_STDLIB_H 1
| #define HAVE_STRING_H 1
| #define HAVE_INTTYPES_H 1
| #define HAVE_STDINT_H 1
| #define HAVE_STRINGS_H 1
| #define HAVE_SYS_STAT_H 1
| #define HAVE_SYS_TYPES_H 1
| #define HAVE_UNISTD_H 1
| #define HAVE_SYS_PARAM_H 1
| #define STDC_HEADERS 1
| #define HAVE_DLFCN_H 1
| #define LT_OBJDIR ".libs/"
| /* end confdefs.h.  */
| #include <ac_nonexistent.h>
configure:11629: result: arm-rockchip830-linux-uclibcgnueabihf-g++ -E
configure:11643: arm-rockchip830-linux-uclibcgnueabihf-g++ -E -I/home/miku/rv_build/staging/include conftest.cpp
configure:11643: $? = 0
configure:11658: arm-rockchip830-linux-uclibcgnueabihf-g++ -E -I/home/miku/rv_build/staging/include conftest.cpp
conftest.cpp:24:10: fatal error: ac_nonexistent.h: No such file or directory
 #include <ac_nonexistent.h>
          ^~~~~~~~~~~~~~~~~~
compilation terminated.
configure:11658: $? = 1
configure: failed program was:
| /* confdefs.h */
| #define PACKAGE_NAME "expat"
| #define PACKAGE_TARNAME "expat"
| #define PACKAGE_VERSION "2.7.1"
| #define PACKAGE_STRING "expat 2.7.1"
| #define PACKAGE_BUGREPORT "https://github.com/libexpat/libexpat/issues"
| #define PACKAGE_URL ""
| #define PACKAGE "expat"
| #define VERSION "2.7.1"
| #define HAVE_STDIO_H 1
| #define HAVE_STDLIB_H 1
| #define HAVE_STRING_H 1
| #define HAVE_INTTYPES_H 1
| #define HAVE_STDINT_H 1
| #define HAVE_STRINGS_H 1
| #define HAVE_SYS_STAT_H 1
| #define HAVE_SYS_TYPES_H 1
| #define HAVE_UNISTD_H 1
| #define HAVE_SYS_PARAM_H 1
| #define STDC_HEADERS 1
| #define HAVE_DLFCN_H 1
| #define LT_OBJDIR ".libs/"
| /* end confdefs.h.  */
| #include <ac_nonexistent.h>
configure:11823: checking for ld used by arm-rockchip830-linux-uclibcgnueabihf-g++
configure:11891: result: arm-rockchip830-linux-uclibcgnueabihf-ld
configure:11898: checking if the linker (arm-rockchip830-linux-uclibcgnueabihf-ld) is GNU ld
configure:11914: result: yes
configure:11968: checking whether the arm-rockchip830-linux-uclibcgnueabihf-g++ linker (arm-rockchip830-linux-uclibcgnueabihf-ld) supports shared libraries
configure:13054: result: yes
configure:13090: arm-rockchip830-linux-uclibcgnueabihf-g++ -c -g -O2 -I/home/miku/rv_build/staging/include conftest.cpp >&5
configure:13093: $? = 0
configure:13579: checking for arm-rockchip830-linux-uclibcgnueabihf-g++ option to produce PIC
configure:13587: result: -fPIC -DPIC
configure:13595: checking if arm-rockchip830-linux-uclibcgnueabihf-g++ PIC flag -fPIC -DPIC works
configure:13614: arm-rockchip830-linux-uclibcgnueabihf-g++ -c -g -O2 -I/home/miku/rv_build/staging/include -fPIC -DPIC -DPIC conftest.cpp >&5
configure:13618: $? = 0
configure:13631: result: yes
configure:13654: checking if arm-rockchip830-linux-uclibcgnueabihf-g++ static flag -static works
configure:13683: result: yes
configure:13695: checking if arm-rockchip830-linux-uclibcgnueabihf-g++ supports -c -o file.o
configure:13717: arm-rockchip830-linux-uclibcgnueabihf-g++ -c -g -O2 -I/home/miku/rv_build/staging/include -o out/conftest2.o conftest.cpp >&5
configure:13721: $? = 0
configure:13743: result: yes
configure:13748: checking if arm-rockchip830-linux-uclibcgnueabihf-g++ supports -c -o file.o
configure:13796: result: yes
configure:13826: checking whether the arm-rockchip830-linux-uclibcgnueabihf-g++ linker (arm-rockchip830-linux-uclibcgnueabihf-ld) supports shared libraries
configure:13866: result: yes
configure:14008: checking dynamic linker characteristics
configure:15310: result: GNU/Linux ld.so
configure:15375: checking how to hardcode library paths into programs
configure:15400: result: immediate
configure:13736: checking whether C++ compiler accepts -Wall
configure:13749: arm-rockchip830-linux-uclibcgnueabihf-g++ -c -g -O2  -Werror -Wall -I/home/miku/rv_build/staging/include conftest.cpp >&5
configure:13749: $? = 0
configure:13759: result: yes
configure:13788: : AM_CXXFLAGS="$AM_CXXFLAGS"
configure:13791: $? = 0
configure:13736: checking whether C++ compiler accepts -Wextra
configure:13749: arm-rockchip830-linux-uclibcgnueabihf-g++ -c -g -O2  -Werror -Wextra -I/home/miku/rv_build/staging/include conftest.cpp >&5
configure:13749: $? = 0
configure:13759: result: yes
configure:13777: : AM_CXXFLAGS="$AM_CXXFLAGS"
configure:13780: $? = 0
configure:13808: checking whether C++ compiler accepts -fexceptions
configure:13821: arm-rockchip830-linux-uclibcgnueabihf-g++ -c -g -O2  -Werror -fexceptions -I/home/miku/rv_build/staging/include conftest.cpp >&5
configure:13821: $? = 0
configure:13831: result: yes
configure:13849: : AM_CXXFLAGS="$AM_CXXFLAGS"
configure:13852: $? = 0
configure:13880: checking whether C++ compiler accepts -fno-strict-aliasing
configure:13893: arm-rockchip830-linux-uclibcgnueabihf-g++ -c -g -O2  -Werror -fno-strict-aliasing -I/home/miku/rv_build/staging/include conftest.cpp >&5
configure:13893: $? = 0
configure:13903: result: yes
configure:13921: : AM_CXXFLAGS="$AM_CXXFLAGS"
configure:13924: $? = 0
configure:13962: checking whether the linker accepts -fno-strict-aliasing
configure:13982: arm-rockchip830-linux-uclibcgnueabihf-gcc -o conftest -g -O2 -I/home/miku/rv_build/staging/include -L/home/miku/rv_build/staging/lib  -fno-strict-aliasing conftest.c  >&5
configure:13982: $? = 0
configure:13993: result: yes
configure:14022: : AM_LDFLAGS="$AM_LDFLAGS"
configure:14025: $? = 0
configure:14050: checking whether compiler supports visibility
configure:14066: arm-rockchip830-linux-uclibcgnueabihf-gcc -c -g -O2 -fvisibility=hidden -Wall -Werror -Wno-unknown-warning-option -I/home/miku/rv_build/staging/include conftest.c >&5
configure:14066: $? = 0
configure:14073: result: yes
configure:14092: : AM_CFLAGS="$AM_CFLAGS"
configure:14095: $? = 0
configure:14150: checking whether byte ordering is bigendian
configure:14166: arm-rockchip830-linux-uclibcgnueabihf-gcc -c -g -O2 -I/home/miku/rv_build/staging/include conftest.c >&5
conftest.c:25:9: error: unknown type name 'not'
         not a universal capable compiler
         ^~~
conftest.c:25:15: error: expected '=', ',', ';', 'asm' or '__attribute__' before 'universal'
         not a universal capable compiler
               ^~~~~~~~~
conftest.c:25:15: error: unknown type name 'universal'
configure:14166: $? = 1
configure: failed program was:
| /* confdefs.h */
| #define PACKAGE_NAME "expat"
| #define PACKAGE_TARNAME "expat"
| #define PACKAGE_VERSION "2.7.1"
| #define PACKAGE_STRING "expat 2.7.1"
| #define PACKAGE_BUGREPORT "https://github.com/libexpat/libexpat/issues"
| #define PACKAGE_URL ""
| #define PACKAGE "expat"
| #define VERSION "2.7.1"
| #define HAVE_STDIO_H 1
| #define HAVE_STDLIB_H 1
| #define HAVE_STRING_H 1
| #define HAVE_INTTYPES_H 1
| #define HAVE_STDINT_H 1
| #define HAVE_STRINGS_H 1
| #define HAVE_SYS_STAT_H 1
| #define HAVE_SYS_TYPES_H 1
| #define HAVE_UNISTD_H 1
| #define HAVE_SYS_PARAM_H 1
| #define STDC_HEADERS 1
| #define HAVE_DLFCN_H 1
| #define LT_OBJDIR ".libs/"
| /* end confdefs.h.  */
| #ifndef __APPLE_CC__
| 	       not a universal capable compiler
| 	     #endif
| 	     typedef int dummy;
| 
configure:14212: arm-rockchip830-linux-uclibcgnueabihf-gcc -c -g -O2 -I/home/miku/rv_build/staging/include conftest.c >&5
configure:14212: $? = 0
configure:14231: arm-rockchip830-linux-uclibcgnueabihf-gcc -c -g -O2 -I/home/miku/rv_build/staging/include conftest.c >&5
conftest.c: In function 'main':
conftest.c:31:4: error: unknown type name 'not'; did you mean 'ino_t'?
    not big endian
    ^~~
    ino_t
conftest.c:31:12: error: expected '=', ',', ';', 'asm' or '__attribute__' before 'endian'
    not big endian
            ^~~~~~
configure:14231: $? = 1
configure: failed program was:
| /* confdefs.h */
| #define PACKAGE_NAME "expat"
| #define PACKAGE_TARNAME "expat"
| #define PACKAGE_VERSION "2.7.1"
| #define PACKAGE_STRING "expat 2.7.1"
| #define PACKAGE_BUGREPORT "https://github.com/libexpat/libexpat/issues"
| #define PACKAGE_URL ""
| #define PACKAGE "expat"
| #define VERSION "2.7.1"
| #define HAVE_STDIO_H 1
| #define HAVE_STDLIB_H 1
| #define HAVE_STRING_H 1
| #define HAVE_INTTYPES_H 1
| #define HAVE_STDINT_H 1
| #define HAVE_STRINGS_H 1
| #define HAVE_SYS_STAT_H 1
| #define HAVE_SYS_TYPES_H 1
| #define HAVE_UNISTD_H 1
| #define HAVE_SYS_PARAM_H 1
| #define STDC_HEADERS 1
| #define HAVE_DLFCN_H 1
| #define LT_OBJDIR ".libs/"
| /* end confdefs.h.  */
| #include <sys/types.h>
| 		#include <sys/param.h>
| 
| int
| main (void)
| {
| #if BYTE_ORDER != BIG_ENDIAN
| 		 not big endian
| 		#endif
| 
|   ;
|   return 0;
| }
configure:14367: result: no
configure:14390: checking for an ANSI C-conforming const
configure:14457: arm-rockchip830-linux-uclibcgnueabihf-gcc -c -g -O2 -I/home/miku/rv_build/staging/include conftest.c >&5
configure:14457: $? = 0
configure:14465: result: yes
configure:14551: checking whether arm-rockchip830-linux-uclibcgnueabihf-g++ supports C++11 features with -std=c++11
configure:14854: arm-rockchip830-linux-uclibcgnueabihf-g++ -std=c++11 -c -g -O2 -I/home/miku/rv_build/staging/include conftest.cpp >&5
configure:14854: $? = 0
configure:14864: result: yes
configure:15056: checking for cos in -lm
configure:15085: arm-rockchip830-linux-uclibcgnueabihf-gcc -o conftest -g -O2 -I/home/miku/rv_build/staging/include -L/home/miku/rv_build/staging/lib conftest.c -lm   >&5
conftest.c:36:6: warning: conflicting types for built-in function 'cos' [-Wbuiltin-declaration-mismatch]
 char cos (void);
      ^~~
configure:15085: $? = 0
configure:15095: result: yes
configure:15173: checking for arc4random_buf (BSD, libbsd or glibc 2.36+)
configure:15190: arm-rockchip830-linux-uclibcgnueabihf-gcc -o conftest -g -O2 -I/home/miku/rv_build/staging/include -L/home/miku/rv_build/staging/lib conftest.c  >&5
conftest.c: In function 'main':
conftest.c:34:7: warning: implicit declaration of function 'arc4random_buf'; did you mean 'srandom_r'? [-Wimplicit-function-declaration]
       arc4random_buf(dummy, 0U);
       ^~~~~~~~~~~~~~
       srandom_r
/home/miku/luckfox-pico/tools/linux/toolchain/arm-rockchip830-linux-uclibcgnueabihf/bin/../lib/gcc/arm-rockchip830-linux-uclibcgnueabihf/8.3.0/../../../../arm-rockchip830-linux-uclibcgnueabihf/bin/ld.bfd: /tmp/ccP9J9r0.o: in function `main':
/home/miku/rv_build/expat-2.7.1/conftest.c:34: undefined reference to `arc4random_buf'
collect2: error: ld returned 1 exit status
configure:15190: $? = 1
configure: failed program was:
| /* confdefs.h */
| #define PACKAGE_NAME "expat"
| #define PACKAGE_TARNAME "expat"
| #define PACKAGE_VERSION "2.7.1"
| #define PACKAGE_STRING "expat 2.7.1"
| #define PACKAGE_BUGREPORT "https://github.com/libexpat/libexpat/issues"
| #define PACKAGE_URL ""
| #define PACKAGE "expat"
| #define VERSION "2.7.1"
| #define HAVE_STDIO_H 1
| #define HAVE_STDLIB_H 1
| #define HAVE_STRING_H 1
| #define HAVE_INTTYPES_H 1
| #define HAVE_STDINT_H 1
| #define HAVE_STRINGS_H 1
| #define HAVE_SYS_STAT_H 1
| #define HAVE_SYS_TYPES_H 1
| #define HAVE_UNISTD_H 1
| #define HAVE_SYS_PARAM_H 1
| #define STDC_HEADERS 1
| #define HAVE_DLFCN_H 1
| #define LT_OBJDIR ".libs/"
| #define BYTEORDER 1234
| #define HAVE_CXX11 1
| /* end confdefs.h.  */
| 
|     #if defined(HAVE_LIBBSD)
|     # include <bsd/stdlib.h>
|     #else
|     # include <stdlib.h>  /* for arc4random_buf on BSD */
|     #endif
|     int main(void) {
|       char dummy[123];  // double brackets for m4
|       arc4random_buf(dummy, 0U);
|       return 0;
|     }
| 
configure:15198: result: no
configure:15201: checking for arc4random (BSD, macOS, libbsd or glibc 2.36+)
configure:15217: arm-rockchip830-linux-uclibcgnueabihf-gcc -o conftest -g -O2 -I/home/miku/rv_build/staging/include -L/home/miku/rv_build/staging/lib conftest.c  >&5
conftest.c: In function 'main':
conftest.c:33:11: warning: implicit declaration of function 'arc4random'; did you mean 'srandom'? [-Wimplicit-function-declaration]
           arc4random();
           ^~~~~~~~~~
           srandom
/home/miku/luckfox-pico/tools/linux/toolchain/arm-rockchip830-linux-uclibcgnueabihf/bin/../lib/gcc/arm-rockchip830-linux-uclibcgnueabihf/8.3.0/../../../../arm-rockchip830-linux-uclibcgnueabihf/bin/ld.bfd: /tmp/cc7l2mnY.o: in function `main':
/home/miku/rv_build/expat-2.7.1/conftest.c:33: undefined reference to `arc4random'
collect2: error: ld returned 1 exit status
configure:15217: $? = 1
configure: failed program was:
| /* confdefs.h */
| #define PACKAGE_NAME "expat"
| #define PACKAGE_TARNAME "expat"
| #define PACKAGE_VERSION "2.7.1"
| #define PACKAGE_STRING "expat 2.7.1"
| #define PACKAGE_BUGREPORT "https://github.com/libexpat/libexpat/issues"
| #define PACKAGE_URL ""
| #define PACKAGE "expat"
| #define VERSION "2.7.1"
| #define HAVE_STDIO_H 1
| #define HAVE_STDLIB_H 1
| #define HAVE_STRING_H 1
| #define HAVE_INTTYPES_H 1
| #define HAVE_STDINT_H 1
| #define HAVE_STRINGS_H 1
| #define HAVE_SYS_STAT_H 1
| #define HAVE_SYS_TYPES_H 1
| #define HAVE_UNISTD_H 1
| #define HAVE_SYS_PARAM_H 1
| #define STDC_HEADERS 1
| #define HAVE_DLFCN_H 1
| #define LT_OBJDIR ".libs/"
| #define BYTEORDER 1234
| #define HAVE_CXX11 1
| /* end confdefs.h.  */
| 
|        #if defined(HAVE_LIBBSD)
|        # include <bsd/stdlib.h>
|        #else
|        # include <stdlib.h>
|        #endif
|        int main(void) {
|           arc4random();
|           return 0;
|        }
| 
configure:15225: result: no
configure:15246: checking for getrandom (Linux 3.17+, glibc 2.25+)
configure:15258: arm-rockchip830-linux-uclibcgnueabihf-gcc -o conftest -g -O2 -I/home/miku/rv_build/staging/include -L/home/miku/rv_build/staging/lib conftest.c  >&5
conftest.c: In function 'main':
conftest.c:30:17: warning: implicit declaration of function 'getrandom'; did you mean 'srandom'? [-Wimplicit-function-declaration]
          return getrandom(NULL, 0U, 0U);
                 ^~~~~~~~~
                 srandom
configure:15258: $? = 0
configure:15263: result: yes
configure:15289: checking for syscall SYS_getrandom (Linux 3.17+)
configure:15304: arm-rockchip830-linux-uclibcgnueabihf-gcc -o conftest -g -O2 -I/home/miku/rv_build/staging/include -L/home/miku/rv_build/staging/lib conftest.c  >&5
configure:15304: $? = 0
configure:15309: result: yes
configure:15323: checking for fcntl.h
configure:15323: arm-rockchip830-linux-uclibcgnueabihf-gcc -c -g -O2 -I/home/miku/rv_build/staging/include conftest.c >&5
configure:15323: $? = 0
configure:15323: result: yes
configure:15329: checking for unistd.h
configure:15329: result: yes
configure:15336: checking for off_t
configure:15336: arm-rockchip830-linux-uclibcgnueabihf-gcc -c -g -O2 -I/home/miku/rv_build/staging/include conftest.c >&5
configure:15336: $? = 0
configure:15336: arm-rockchip830-linux-uclibcgnueabihf-gcc -c -g -O2 -I/home/miku/rv_build/staging/include conftest.c >&5
conftest.c: In function 'main':
conftest.c:61:20: error: expected expression before ')' token
 if (sizeof ((off_t)))
                    ^
configure:15336: $? = 1
configure: failed program was:
| /* confdefs.h */
| #define PACKAGE_NAME "expat"
| #define PACKAGE_TARNAME "expat"
| #define PACKAGE_VERSION "2.7.1"
| #define PACKAGE_STRING "expat 2.7.1"
| #define PACKAGE_BUGREPORT "https://github.com/libexpat/libexpat/issues"
| #define PACKAGE_URL ""
| #define PACKAGE "expat"
| #define VERSION "2.7.1"
| #define HAVE_STDIO_H 1
| #define HAVE_STDLIB_H 1
| #define HAVE_STRING_H 1
| #define HAVE_INTTYPES_H 1
| #define HAVE_STDINT_H 1
| #define HAVE_STRINGS_H 1
| #define HAVE_SYS_STAT_H 1
| #define HAVE_SYS_TYPES_H 1
| #define HAVE_UNISTD_H 1
| #define HAVE_SYS_PARAM_H 1
| #define STDC_HEADERS 1
| #define HAVE_DLFCN_H 1
| #define LT_OBJDIR ".libs/"
| #define BYTEORDER 1234
| #define HAVE_CXX11 1
| #define HAVE_GETRANDOM 1
| #define HAVE_SYSCALL_GETRANDOM 1
| #define HAVE_FCNTL_H 1
| #define HAVE_UNISTD_H 1
| /* end confdefs.h.  */
| #include <stddef.h>
| #ifdef HAVE_STDIO_H
| # include <stdio.h>
| #endif
| #ifdef HAVE_STDLIB_H
| # include <stdlib.h>
| #endif
| #ifdef HAVE_STRING_H
| # include <string.h>
| #endif
| #ifdef HAVE_INTTYPES_H
| # include <inttypes.h>
| #endif
| #ifdef HAVE_STDINT_H
| # include <stdint.h>
| #endif
| #ifdef HAVE_STRINGS_H
| # include <strings.h>
| #endif
| #ifdef HAVE_SYS_TYPES_H
| # include <sys/types.h>
| #endif
| #ifdef HAVE_SYS_STAT_H
| # include <sys/stat.h>
| #endif
| #ifdef HAVE_UNISTD_H
| # include <unistd.h>
| #endif
| int
| main (void)
| {
| if (sizeof ((off_t)))
| 	    return 0;
|   ;
|   return 0;
| }
configure:15336: result: yes
configure:15351: checking for getpagesize
configure:15351: arm-rockchip830-linux-uclibcgnueabihf-gcc -o conftest -g -O2 -I/home/miku/rv_build/staging/include -L/home/miku/rv_build/staging/lib conftest.c  >&5
configure:15351: $? = 0
configure:15351: result: yes
configure:15362: checking for working mmap
configure:15525: result: yes
configure:15819: arm-rockchip830-linux-uclibcgnueabihf-gcc -c -g -O2 -I/home/miku/rv_build/staging/include conftest.c >&5
configure:15819: $? = 0
configure:15819: arm-rockchip830-linux-uclibcgnueabihf-gcc -c -g -O2 -I/home/miku/rv_build/staging/include conftest.c >&5
conftest.c: In function 'main':
conftest.c:41:12: error: size of array 'test_array' is negative
 static int test_array [1 - 2 * !((sizeof(void *)) <= 0)];
            ^~~~~~~~~~
configure:15819: $? = 1
configure: failed program was:
| /* confdefs.h */
| #define PACKAGE_NAME "expat"
| #define PACKAGE_TARNAME "expat"
| #define PACKAGE_VERSION "2.7.1"
| #define PACKAGE_STRING "expat 2.7.1"
| #define PACKAGE_BUGREPORT "https://github.com/libexpat/libexpat/issues"
| #define PACKAGE_URL ""
| #define PACKAGE "expat"
| #define VERSION "2.7.1"
| #define HAVE_STDIO_H 1
| #define HAVE_STDLIB_H 1
| #define HAVE_STRING_H 1
| #define HAVE_INTTYPES_H 1
| #define HAVE_STDINT_H 1
| #define HAVE_STRINGS_H 1
| #define HAVE_SYS_STAT_H 1
| #define HAVE_SYS_TYPES_H 1
| #define HAVE_UNISTD_H 1
| #define HAVE_SYS_PARAM_H 1
| #define STDC_HEADERS 1
| #define HAVE_DLFCN_H 1
| #define LT_OBJDIR ".libs/"
| #define BYTEORDER 1234
| #define HAVE_CXX11 1
| #define HAVE_GETRANDOM 1
| #define HAVE_SYSCALL_GETRANDOM 1
| #define HAVE_FCNTL_H 1
| #define HAVE_UNISTD_H 1
| #define HAVE_GETPAGESIZE 1
| #define HAVE_MMAP 1
| #define XML_NS 1
| #define XML_GE 1
| #define XML_DTD 1
| #define XML_DEV_URANDOM 1
| #define XML_CONTEXT_BYTES 1024
| /* end confdefs.h.  */
| 
| int
| main (void)
| {
| static int test_array [1 - 2 * !((sizeof(void *)) <= 0)];
| test_array [0] = 0;
| return test_array [0];
| 
|   ;
|   return 0;
| }
configure:15819: arm-rockchip830-linux-uclibcgnueabihf-gcc -c -g -O2 -I/home/miku/rv_build/staging/include conftest.c >&5
conftest.c: In function 'main':
conftest.c:41:12: error: size of array 'test_array' is negative
 static int test_array [1 - 2 * !((sizeof(void *)) <= 1)];
            ^~~~~~~~~~
configure:15819: $? = 1
configure: failed program was:
| /* confdefs.h */
| #define PACKAGE_NAME "expat"
| #define PACKAGE_TARNAME "expat"
| #define PACKAGE_VERSION "2.7.1"
| #define PACKAGE_STRING "expat 2.7.1"
| #define PACKAGE_BUGREPORT "https://github.com/libexpat/libexpat/issues"
| #define PACKAGE_URL ""
| #define PACKAGE "expat"
| #define VERSION "2.7.1"
| #define HAVE_STDIO_H 1
| #define HAVE_STDLIB_H 1
| #define HAVE_STRING_H 1
| #define HAVE_INTTYPES_H 1
| #define HAVE_STDINT_H 1
| #define HAVE_STRINGS_H 1
| #define HAVE_SYS_STAT_H 1
| #define HAVE_SYS_TYPES_H 1
| #define HAVE_UNISTD_H 1
| #define HAVE_SYS_PARAM_H 1
| #define STDC_HEADERS 1
| #define HAVE_DLFCN_H 1
| #define LT_OBJDIR ".libs/"
| #define BYTEORDER 1234
| #define HAVE_CXX11 1
| #define HAVE_GETRANDOM 1
| #define HAVE_SYSCALL_GETRANDOM 1
| #define HAVE_FCNTL_H 1
| #define HAVE_UNISTD_H 1
| #define HAVE_GETPAGESIZE 1
| #define HAVE_MMAP 1
| #define XML_NS 1
| #define XML_GE 1
| #define XML_DTD 1
| #define XML_DEV_URANDOM 1
| #define XML_CONTEXT_BYTES 1024
| /* end confdefs.h.  */
| 
| int
| main (void)
| {
| static int test_array [1 - 2 * !((sizeof(void *)) <= 1)];
| test_array [0] = 0;
| return test_array [0];
| 
|   ;
|   return 0;
| }
configure:15819: arm-rockchip830-linux-uclibcgnueabihf-gcc -c -g -O2 -I/home/miku/rv_build/staging/include conftest.c >&5
conftest.c: In function 'main':
conftest.c:41:12: error: size of array 'test_array' is negative
 static int test_array [1 - 2 * !((sizeof(void *)) <= 3)];
            ^~~~~~~~~~
configure:15819: $? = 1
configure: failed program was:
| /* confdefs.h */
| #define PACKAGE_NAME "expat"
| #define PACKAGE_TARNAME "expat"
| #define PACKAGE_VERSION "2.7.1"
| #define PACKAGE_STRING "expat 2.7.1"
| #define PACKAGE_BUGREPORT "https://github.com/libexpat/libexpat/issues"
| #define PACKAGE_URL ""
| #define PACKAGE "expat"
| #define VERSION "2.7.1"
| #define HAVE_STDIO_H 1
| #define HAVE_STDLIB_H 1
| #define HAVE_STRING_H 1
| #define HAVE_INTTYPES_H 1
| #define HAVE_STDINT_H 1
| #define HAVE_STRINGS_H 1
| #define HAVE_SYS_STAT_H 1
| #define HAVE_SYS_TYPES_H 1
| #define HAVE_UNISTD_H 1
| #define HAVE_SYS_PARAM_H 1
| #define STDC_HEADERS 1
| #define HAVE_DLFCN_H 1
| #define LT_OBJDIR ".libs/"
| #define BYTEORDER 1234
| #define HAVE_CXX11 1
| #define HAVE_GETRANDOM 1
| #define HAVE_SYSCALL_GETRANDOM 1
| #define HAVE_FCNTL_H 1
| #define HAVE_UNISTD_H 1
| #define HAVE_GETPAGESIZE 1
| #define HAVE_MMAP 1
| #define XML_NS 1
| #define XML_GE 1
| #define XML_DTD 1
| #define XML_DEV_URANDOM 1
| #define XML_CONTEXT_BYTES 1024
| /* end confdefs.h.  */
| 
| int
| main (void)
| {
| static int test_array [1 - 2 * !((sizeof(void *)) <= 3)];
| test_array [0] = 0;
| return test_array [0];
| 
|   ;
|   return 0;
| }
configure:15819: arm-rockchip830-linux-uclibcgnueabihf-gcc -c -g -O2 -I/home/miku/rv_build/staging/include conftest.c >&5
configure:15819: $? = 0
configure:15819: arm-rockchip830-linux-uclibcgnueabihf-gcc -c -g -O2 -I/home/miku/rv_build/staging/include conftest.c >&5
configure:15819: $? = 0
configure:15819: arm-rockchip830-linux-uclibcgnueabihf-gcc -c -g -O2 -I/home/miku/rv_build/staging/include conftest.c >&5
configure:15819: $? = 0
configure:15831: checking for shared library name prefix
configure:15839: result: lib
configure:15956: checking that generated files are newer than configure
configure:15962: result: done
configure:16066: creating ./config.status

## ---------------------- ##
## Running config.status. ##
## ---------------------- ##

This file was extended by expat config.status 2.7.1, which was
generated by GNU Autoconf 2.71.  Invocation command line was

  CONFIG_FILES    = 
  CONFIG_HEADERS  = 
  CONFIG_LINKS    = 
  CONFIG_COMMANDS = 
  $ ./config.status 

on miku-machine

config.status:1245: creating Makefile
config.status:1245: creating expat.pc
config.status:1245: creating cmake/expat-config.cmake
config.status:1245: creating cmake/autotools/expat-config-version.cmake
config.status:1245: creating cmake/autotools/expat-noconfig.cmake
config.status:1245: creating doc/Makefile
config.status:1245: creating examples/Makefile
config.status:1245: creating lib/Makefile
config.status:1245: creating tests/Makefile
config.status:1245: creating tests/benchmark/Makefile
config.status:1245: creating xmlwf/Makefile
config.status:1245: creating run.sh
config.status:1245: creating expat_config.h
config.status:1431: expat_config.h is unchanged
config.status:1479: executing depfiles commands
config.status:1556: cd examples       && sed -e '/# am--include-marker/d' Makefile         | make -f - am--depfiles
make: Nothing to be done for 'am--depfiles'.
config.status:1561: $? = 0
config.status:1556: cd lib       && sed -e '/# am--include-marker/d' Makefile         | make -f - am--depfiles
make: Nothing to be done for 'am--depfiles'.
config.status:1561: $? = 0
config.status:1556: cd tests       && sed -e '/# am--include-marker/d' Makefile         | make -f - am--depfiles
make: Nothing to be done for 'am--depfiles'.
config.status:1561: $? = 0
config.status:1556: cd tests/benchmark       && sed -e '/# am--include-marker/d' Makefile         | make -f - am--depfiles
make: Nothing to be done for 'am--depfiles'.
config.status:1561: $? = 0
config.status:1556: cd xmlwf       && sed -e '/# am--include-marker/d' Makefile         | make -f - am--depfiles
make: Nothing to be done for 'am--depfiles'.
config.status:1561: $? = 0
config.status:1479: executing libtool commands
configure:18538:

Automake flags (can be overridden by user flags):
  AM_CPPFLAGS: 
    AM_CFLAGS: -Wall -Wextra -fexceptions -fno-strict-aliasing -Wmissing-prototypes -Wstrict-prototypes -pedantic -Wduplicated-cond -Wduplicated-branches -Wlogical-op -Wrestrict -Wnull-dereference -Wjump-misses-init -Wdouble-promotion -Wshadow -Wformat=2 -Wno-pedantic-ms-format -Wmisleading-indentation -fvisibility=hidden
  AM_CXXFLAGS: -Wall -Wextra -fexceptions -fno-strict-aliasing
   AM_LDFLAGS: -fno-strict-aliasing

User flags (override Automake flags on conflict):
     CPPFLAGS: -I/home/miku/rv_build/staging/include
       CFLAGS: -g -O2
     CXXFLAGS: -g -O2
      LDFLAGS: -L/home/miku/rv_build/staging/lib

## ---------------- ##
## Cache variables. ##
## ---------------- ##

ac_cv_build=x86_64-pc-linux-uclibc
ac_cv_c_bigendian=no
ac_cv_c_compiler_gnu=yes
ac_cv_c_const=yes
ac_cv_cxx_compiler_gnu=yes
ac_cv_env_CCC_set=
ac_cv_env_CCC_value=
ac_cv_env_CC_set=set
ac_cv_env_CC_value=arm-rockchip830-linux-uclibcgnueabihf-gcc
ac_cv_env_CFLAGS_set=
ac_cv_env_CFLAGS_value=
ac_cv_env_CPPFLAGS_set=set
ac_cv_env_CPPFLAGS_value=-I/home/miku/rv_build/staging/include
ac_cv_env_CXXCPP_set=
ac_cv_env_CXXCPP_value=
ac_cv_env_CXXFLAGS_set=set
ac_cv_env_CXXFLAGS_value='-g -O2'
ac_cv_env_CXX_set=set
ac_cv_env_CXX_value=arm-rockchip830-linux-uclibcgnueabihf-g++
ac_cv_env_DOCBOOK_TO_MAN_set=
ac_cv_env_DOCBOOK_TO_MAN_value=
ac_cv_env_LDFLAGS_set=set
ac_cv_env_LDFLAGS_value=-L/home/miku/rv_build/staging/lib
ac_cv_env_LIBS_set=set
ac_cv_env_LIBS_value=
ac_cv_env_LT_SYS_LIBRARY_PATH_set=
ac_cv_env_LT_SYS_LIBRARY_PATH_value=
ac_cv_env_build_alias_set=
ac_cv_env_build_alias_value=
ac_cv_env_host_alias_set=set
ac_cv_env_host_alias_value=arm-linux
ac_cv_env_target_alias_set=
ac_cv_env_target_alias_value=
ac_cv_func_getpagesize=yes
ac_cv_func_mmap_fixed_mapped=yes
ac_cv_header_dlfcn_h=yes
ac_cv_header_fcntl_h=yes
ac_cv_header_inttypes_h=yes
ac_cv_header_stdint_h=yes
ac_cv_header_stdio_h=yes
ac_cv_header_stdlib_h=yes
ac_cv_header_string_h=yes
ac_cv_header_strings_h=yes
ac_cv_header_sys_param_h=yes
ac_cv_header_sys_stat_h=yes
ac_cv_header_sys_types_h=yes
ac_cv_header_unistd_h=yes
ac_cv_host=arm-unknown-linux-gnu
ac_cv_lib_m_cos=yes
ac_cv_objext=o
ac_cv_path_EGREP='/usr/bin/grep -E'
ac_cv_path_FGREP='/usr/bin/grep -F'
ac_cv_path_GREP=/usr/bin/grep
ac_cv_path_SED=/usr/bin/sed
ac_cv_path_install='/usr/bin/install -c'
ac_cv_path_lt_DD=/usr/bin/dd
ac_cv_path_mkdir=/usr/bin/mkdir
ac_cv_prog_AR=arm-rockchip830-linux-uclibcgnueabihf-ar
ac_cv_prog_AWK=gawk
ac_cv_prog_CC=arm-rockchip830-linux-uclibcgnueabihf-gcc
ac_cv_prog_CXXCPP='arm-rockchip830-linux-uclibcgnueabihf-g++ -E'
ac_cv_prog_FILECMD=file
ac_cv_prog_RANLIB=arm-rockchip830-linux-uclibcgnueabihf-ranlib
ac_cv_prog_STRIP=arm-rockchip830-linux-uclibcgnueabihf-strip
ac_cv_prog_ac_ct_MANIFEST_TOOL=mt
ac_cv_prog_ac_ct_OBJDUMP=objdump
ac_cv_prog_cc_c11=
ac_cv_prog_cc_g=yes
ac_cv_prog_cc_stdc=
ac_cv_prog_cxx_cxx11=
ac_cv_prog_cxx_g=yes
ac_cv_prog_cxx_stdcxx=
ac_cv_prog_make_make_set=yes
ac_cv_type_off_t=yes
am_cv_CC_dependencies_compiler_type=gcc3
am_cv_CXX_dependencies_compiler_type=gcc3
am_cv_ar_interface=ar
am_cv_make_support_nested_variables=yes
am_cv_prog_cc_c_o=yes
ax_cv_check_cflags___Wall=yes
ax_cv_check_cflags___Wdouble_promotion=yes
ax_cv_check_cflags___Wduplicated_branches=yes
ax_cv_check_cflags___Wduplicated_cond=yes
ax_cv_check_cflags___Wextra=yes
ax_cv_check_cflags___Wformat_2=yes
ax_cv_check_cflags___Wjump_misses_init=yes
ax_cv_check_cflags___Wlogical_op=yes
ax_cv_check_cflags___Wmisleading_indentation=yes
ax_cv_check_cflags___Wmissing_prototypes=yes
ax_cv_check_cflags___Wno_pedantic_ms_format=yes
ax_cv_check_cflags___Wnull_dereference=yes
ax_cv_check_cflags___Wrestrict=yes
ax_cv_check_cflags___Wshadow=yes
ax_cv_check_cflags___Wstrict_prototypes=yes
ax_cv_check_cflags___fexceptions=yes
ax_cv_check_cflags___fno_strict_aliasing=yes
ax_cv_check_cflags___pedantic=yes
ax_cv_check_cxxflags___Wall=yes
ax_cv_check_cxxflags___Wextra=yes
ax_cv_check_cxxflags___fexceptions=yes
ax_cv_check_cxxflags___fno_strict_aliasing=yes
ax_cv_check_ldflags___fno_strict_aliasing=yes
ax_cv_cxx_compile_cxx11__std_cpp11=yes
expatcfg_cv_compiler_supports_visibility=yes
lt_cv_ar_at_file=@
lt_cv_deplibs_check_method=pass_all
lt_cv_file_magic_cmd='$MAGIC_CMD'
lt_cv_file_magic_test_file=
lt_cv_ld_reload_flag=-r
lt_cv_nm_interface='BSD nm'
lt_cv_objdir=.libs
lt_cv_path_LD=arm-rockchip830-linux-uclibcgnueabihf-ld
lt_cv_path_LDCXX=arm-rockchip830-linux-uclibcgnueabihf-ld
lt_cv_path_NM=arm-rockchip830-linux-uclibcgnueabihf-nm
lt_cv_path_manifest_tool=no
lt_cv_prog_compiler_c_o=yes
lt_cv_prog_compiler_c_o_CXX=yes
lt_cv_prog_compiler_pic='-fPIC -DPIC'
lt_cv_prog_compiler_pic_CXX='-fPIC -DPIC'
lt_cv_prog_compiler_pic_works=yes
lt_cv_prog_compiler_pic_works_CXX=yes
lt_cv_prog_compiler_rtti_exceptions=no
lt_cv_prog_compiler_static_works=yes
lt_cv_prog_compiler_static_works_CXX=yes
lt_cv_prog_gnu_ld=yes
lt_cv_prog_gnu_ldcxx=yes
lt_cv_sharedlib_from_linklib_cmd='printf %s\n'
lt_cv_shlibpath_overrides_runpath=no
lt_cv_sys_global_symbol_pipe='/usr/bin/sed -n -e '\''s/^.*[	 ]\([ABCDGIRSTW][ABCDGIRSTW]*\)[	 ][	 ]*\([_A-Za-z][_A-Za-z0-9]*\)$/\1 \2 \2/p'\'' | /usr/bin/sed '\''/ __gnu_lto/d'\'''
lt_cv_sys_global_symbol_to_c_name_address='/usr/bin/sed -n -e '\''s/^: \(.*\) .*$/  {"\1", (void *) 0},/p'\'' -e '\''s/^[ABCDGIRSTW][ABCDGIRSTW]* .* \(.*\)$/  {"\1", (void *) \&\1},/p'\'''
lt_cv_sys_global_symbol_to_c_name_address_lib_prefix='/usr/bin/sed -n -e '\''s/^: \(.*\) .*$/  {"\1", (void *) 0},/p'\'' -e '\''s/^[ABCDGIRSTW][ABCDGIRSTW]* .* \(lib.*\)$/  {"\1", (void *) \&\1},/p'\'' -e '\''s/^[ABCDGIRSTW][ABCDGIRSTW]* .* \(.*\)$/  {"lib\1", (void *) \&\1},/p'\'''
lt_cv_sys_global_symbol_to_cdecl='/usr/bin/sed -n -e '\''s/^T .* \(.*\)$/extern int \1();/p'\'' -e '\''s/^[ABCDGIRSTW][ABCDGIRSTW]* .* \(.*\)$/extern char \1;/p'\'''
lt_cv_sys_global_symbol_to_import=
lt_cv_sys_max_cmd_len=1572864
lt_cv_to_host_file_cmd=func_convert_file_noop
lt_cv_to_tool_file_cmd=func_convert_file_noop
lt_cv_truncate_bin='/usr/bin/dd bs=4096 count=1'

## ----------------- ##
## Output variables. ##
## ----------------- ##

ACLOCAL='${SHELL} '\''/home/miku/rv_build/expat-2.7.1/conftools/missing'\'' aclocal-1.16'
AMDEPBACKSLASH='\'
AMDEP_FALSE='#'
AMDEP_TRUE=''
AMTAR='$${TAR-tar}'
AM_BACKSLASH='\'
AM_CFLAGS='-Wall -Wextra -fexceptions -fno-strict-aliasing -Wmissing-prototypes -Wstrict-prototypes -pedantic -Wduplicated-cond -Wduplicated-branches -Wlogical-op -Wrestrict -Wnull-dereference -Wjump-misses-init -Wdouble-promotion -Wshadow -Wformat=2 -Wno-pedantic-ms-format -Wmisleading-indentation -fvisibility=hidden'
AM_CPPFLAGS=''
AM_CXXFLAGS='-Wall -Wextra -fexceptions -fno-strict-aliasing'
AM_DEFAULT_V='$(AM_DEFAULT_VERBOSITY)'
AM_DEFAULT_VERBOSITY='1'
AM_LDFLAGS='-fno-strict-aliasing'
AM_V='$(V)'
AR='arm-rockchip830-linux-uclibcgnueabihf-ar'
AS='arm-rockchip830-linux-uclibcgnueabihf-as'
AUTOCONF='${SHELL} '\''/home/miku/rv_build/expat-2.7.1/conftools/missing'\'' autoconf'
AUTOHEADER='${SHELL} '\''/home/miku/rv_build/expat-2.7.1/conftools/missing'\'' autoheader'
AUTOMAKE='${SHELL} '\''/home/miku/rv_build/expat-2.7.1/conftools/missing'\'' automake-1.16'
AWK='gawk'
CC='arm-rockchip830-linux-uclibcgnueabihf-gcc'
CCDEPMODE='depmode=gcc3'
CFLAGS='-g -O2'
CMAKE_SHARED_LIBRARY_PREFIX='lib'
CPPFLAGS='-I/home/miku/rv_build/staging/include'
CSCOPE='cscope'
CTAGS='ctags'
CXX='arm-rockchip830-linux-uclibcgnueabihf-g++ -std=c++11'
CXXCPP='arm-rockchip830-linux-uclibcgnueabihf-g++ -E -std=c++11'
CXXDEPMODE='depmode=gcc3'
CXXFLAGS='-g -O2'
CYGPATH_W='echo'
DEFS='-DHAVE_CONFIG_H'
DEPDIR='.deps'
DLLTOOL='false'
DOCBOOK_TO_MAN=''
DSYMUTIL=''
DUMPBIN=''
ECHO_C=''
ECHO_N='-n'
ECHO_T=''
EGREP='/usr/bin/grep -E'
ETAGS='etags'
EXEEXT=''
EXPAT_ATTR_INFO='OFF'
EXPAT_CHAR_TYPE='char'
EXPAT_CONTEXT_BYTES='1024'
EXPAT_DTD='ON'
EXPAT_LARGE_SIZE='OFF'
EXPAT_MIN_SIZE='OFF'
EXPAT_NS='ON'
FGREP='/usr/bin/grep -F'
FILECMD='file'
FILEMAP='unixfilemap'
GREP='/usr/bin/grep'
HAVE_CXX11='1'
INSTALL_DATA='${INSTALL} -m 644'
INSTALL_PROGRAM='${INSTALL}'
INSTALL_SCRIPT='${INSTALL}'
INSTALL_STRIP_PROGRAM='$(install_sh) -c -s'
LD='arm-rockchip830-linux-uclibcgnueabihf-ld'
LDFLAGS='-L/home/miku/rv_build/staging/lib'
LIBAGE='10'
LIBCURRENT='11'
LIBDIR_BASENAME='lib'
LIBM='-lm'
LIBOBJS=''
LIBREVISION='2'
LIBS=''
LIBTOOL='$(SHELL) $(top_builddir)/libtool'
LIPO=''
LN_S='ln -s'
LTLIBOBJS=''
LT_SYS_LIBRARY_PATH=''
MAINT=''
MAINTAINER_MODE_FALSE='#'
MAINTAINER_MODE_TRUE=''
MAKEINFO='${SHELL} '\''/home/miku/rv_build/expat-2.7.1/conftools/missing'\'' makeinfo'
MANIFEST_TOOL=':'
MINGW_FALSE=''
MINGW_TRUE='#'
MKDIR_P='/usr/bin/mkdir -p'
NM='arm-rockchip830-linux-uclibcgnueabihf-nm'
NMEDIT=''
OBJDUMP='objdump'
OBJEXT='o'
OTOOL64=''
OTOOL=''
PACKAGE='expat'
PACKAGE_BUGREPORT='https://github.com/libexpat/libexpat/issues'
PACKAGE_NAME='expat'
PACKAGE_STRING='expat 2.7.1'
PACKAGE_TARNAME='expat'
PACKAGE_URL=''
PACKAGE_VERSION='2.7.1'
PATH_SEPARATOR=':'
RANLIB='arm-rockchip830-linux-uclibcgnueabihf-ranlib'
SED='/usr/bin/sed'
SET_MAKE=''
SHELL='/bin/bash'
SIZEOF_VOID_P='4'
SO_MAJOR='1'
SO_MINOR='10'
SO_PATCH='2'
STRIP='arm-rockchip830-linux-uclibcgnueabihf-strip'
UNICODE_FALSE=''
UNICODE_TRUE='#'
VERSION='2.7.1'
WITH_DISTRIBUTABLE_MANPAGE_FALSE=''
WITH_DISTRIBUTABLE_MANPAGE_TRUE='#'
WITH_EXAMPLES_FALSE='#'
WITH_EXAMPLES_TRUE=''
WITH_MANPAGE_FALSE='#'
WITH_MANPAGE_TRUE=''
WITH_PREBUILT_MANPAGE_FALSE='#'
WITH_PREBUILT_MANPAGE_TRUE=''
WITH_TESTS_FALSE='#'
WITH_TESTS_TRUE=''
WITH_XMLWF_FALSE='#'
WITH_XMLWF_TRUE=''
_INTERNAL_LARGE_SIZE_FALSE=''
_INTERNAL_LARGE_SIZE_TRUE='#'
_INTERNAL_MIN_SIZE_FALSE=''
_INTERNAL_MIN_SIZE_TRUE='#'
_INTERNAL_UNICODE_WCHAR_T_FALSE=''
_INTERNAL_UNICODE_WCHAR_T_TRUE='#'
ac_ct_AR=''
ac_ct_CC=''
ac_ct_CXX=''
ac_ct_DUMPBIN=''
am__EXEEXT_FALSE=''
am__EXEEXT_TRUE='#'
am__fastdepCC_FALSE='#'
am__fastdepCC_TRUE=''
am__fastdepCXX_FALSE='#'
am__fastdepCXX_TRUE=''
am__include='include'
am__isrc=''
am__leading_dot='.'
am__nodep='_no'
am__quote=''
am__tar='$${TAR-tar} chof - "$$tardir"'
am__untar='$${TAR-tar} xf -'
bindir='${exec_prefix}/bin'
build='x86_64-pc-linux-uclibc'
build_alias=''
build_cpu='x86_64'
build_os='linux-uclibc'
build_vendor='pc'
datadir='${datarootdir}'
datarootdir='${prefix}/share'
docdir='${datarootdir}/doc/${PACKAGE_TARNAME}'
dvidir='${docdir}'
exec_prefix='${prefix}'
host='arm-unknown-linux-gnu'
host_alias='arm-linux'
host_cpu='arm'
host_os='linux-gnu'
host_vendor='unknown'
htmldir='${docdir}'
includedir='${prefix}/include'
infodir='${datarootdir}/info'
install_sh='${SHELL} /home/miku/rv_build/expat-2.7.1/conftools/install-sh'
libdir='${exec_prefix}/lib'
libexecdir='${exec_prefix}/libexec'
localedir='${datarootdir}/locale'
localstatedir='${prefix}/var'
mandir='${datarootdir}/man'
mkdir_p='$(MKDIR_P)'
oldincludedir='/usr/include'
pdfdir='${docdir}'
prefix='/home/miku/rv_build/staging'
program_transform_name='s,x,x,'
psdir='${docdir}'
runstatedir='${localstatedir}/run'
sbindir='${exec_prefix}/sbin'
sharedstatedir='${prefix}/com'
sysconfdir='${prefix}/etc'
target_alias=''

## ------------------- ##
## File substitutions. ##
## ------------------- ##

PACKAGE_INIT='./cmake/autotools/expat-package-init.cmake'

## ----------- ##
## confdefs.h. ##
## ----------- ##

/* confdefs.h */
#define PACKAGE_NAME "expat"
#define PACKAGE_TARNAME "expat"
#define PACKAGE_VERSION "2.7.1"
#define PACKAGE_STRING "expat 2.7.1"
#define PACKAGE_BUGREPORT "https://github.com/libexpat/libexpat/issues"
#define PACKAGE_URL ""
#define PACKAGE "expat"
#define VERSION "2.7.1"
#define HAVE_STDIO_H 1
#define HAVE_STDLIB_H 1
#define HAVE_STRING_H 1
#define HAVE_INTTYPES_H 1
#define HAVE_STDINT_H 1
#define HAVE_STRINGS_H 1
#define HAVE_SYS_STAT_H 1
#define HAVE_SYS_TYPES_H 1
#define HAVE_UNISTD_H 1
#define HAVE_SYS_PARAM_H 1
#define STDC_HEADERS 1
#define HAVE_DLFCN_H 1
#define LT_OBJDIR ".libs/"
#define BYTEORDER 1234
#define HAVE_CXX11 1
#define HAVE_GETRANDOM 1
#define HAVE_SYSCALL_GETRANDOM 1
#define HAVE_FCNTL_H 1
#define HAVE_UNISTD_H 1
#define HAVE_GETPAGESIZE 1
#define HAVE_MMAP 1
#define XML_NS 1
#define XML_GE 1
#define XML_DTD 1
#define XML_DEV_URANDOM 1
#define XML_CONTEXT_BYTES 1024

configure: exit 0
